
   INFO  Processing jobs from the [default] queue.  

  2025-06-01 03:31:48 Filament\Actions\Imports\Jobs\ImportCsv ........ RUNNING
  2025-06-01 03:31:49 Filament\Actions\Imports\Jobs\ImportCsv .. 446.11ms DONE
  2025-06-01 03:31:49 Filament\Notifications\DatabaseNotification .... RUNNING
  2025-06-01 03:31:49 Filament\Notifications\DatabaseNotification  45.77ms DONE
  2025-06-01 03:31:50 Filament\Notifications\Events\DatabaseNotificationsSent  RUNNING
  2025-06-01 03:31:50 Filament\Notifications\Events\DatabaseNotificationsSent  38.83ms DONE
  2025-06-01 03:32:04 Illuminate\Bus\ChainedBatch .................... RUNNING
  2025-06-01 03:32:04 Illuminate\Bus\ChainedBatch .............. 106.62ms DONE
  2025-06-01 03:32:05 Filament\Actions\Exports\Jobs\PrepareCsvExport . RUNNING
  2025-06-01 03:32:05 Filament\Actions\Exports\Jobs\PrepareCsvExport  79.96ms DONE
  2025-06-01 03:32:05 Filament\Actions\Exports\Jobs\ExportCsv ........ RUNNING
  2025-06-01 03:32:05 Filament\Actions\Exports\Jobs\ExportCsv .. 148.84ms DONE
  2025-06-01 03:32:06 Filament\Actions\Exports\Jobs\ExportCompletion . RUNNING
  2025-06-01 03:32:06 Filament\Actions\Exports\Jobs\ExportCompletion  149.05ms DONE
  2025-06-01 03:32:06 Filament\Notifications\DatabaseNotification .... RUNNING
  2025-06-01 03:32:06 Filament\Notifications\DatabaseNotification  62.72ms DONE
  2025-06-01 03:32:07 Filament\Notifications\Events\DatabaseNotificationsSent  RUNNING
  2025-06-01 03:32:07 Filament\Notifications\Events\DatabaseNotificationsSent  22.79ms DONE
  2025-06-01 03:32:07 Filament\Actions\Exports\Jobs\CreateXlsxFile ... RUNNING
  2025-06-01 03:32:07 Filament\Actions\Exports\Jobs\CreateXlsxFile  41.70ms DONE
